Detecting C [-std=c11] compiler features failed to compile with the following output:
Change Dir: /home/erwin/catkin_ws/src/dual_planar_arm/build/CMakeFiles/CMakeTmp

Run Build Command:"/usr/bin/make" "cmTC_6fb9f/fast"
/usr/bin/make -f CMakeFiles/cmTC_6fb9f.dir/build.make CMakeFiles/cmTC_6fb9f.dir/build
make[1]: Entering directory '/home/erwin/catkin_ws/src/dual_planar_arm/build/CMakeFiles/CMakeTmp'
Building C object CMakeFiles/cmTC_6fb9f.dir/feature_tests.c.o
/usr/bin/c99-gcc   -std=c11 -o CMakeFiles/cmTC_6fb9f.dir/feature_tests.c.o   -c /home/erwin/catkin_ws/src/dual_planar_arm/build/CMakeFiles/feature_tests.c
c99-gcc called with non ISO C99 option -std=c11
CMakeFiles/cmTC_6fb9f.dir/build.make:65: recipe for target 'CMakeFiles/cmTC_6fb9f.dir/feature_tests.c.o' failed
make[1]: *** [CMakeFiles/cmTC_6fb9f.dir/feature_tests.c.o] Error 1
make[1]: Leaving directory '/home/erwin/catkin_ws/src/dual_planar_arm/build/CMakeFiles/CMakeTmp'
Makefile:126: recipe for target 'cmTC_6fb9f/fast' failed
make: *** [cmTC_6fb9f/fast] Error 2



Determining if the pthread_create exist failed with the following output:
Change Dir: /home/erwin/catkin_ws/src/dual_planar_arm/build/CMakeFiles/CMakeTmp

Run Build Command:"/usr/bin/make" "cmTC_6db53/fast"
/usr/bin/make -f CMakeFiles/cmTC_6db53.dir/build.make CMakeFiles/cmTC_6db53.dir/build
make[1]: Entering directory '/home/erwin/catkin_ws/src/dual_planar_arm/build/CMakeFiles/CMakeTmp'
Building C object CMakeFiles/cmTC_6db53.dir/CheckSymbolExists.c.o
/usr/bin/c99-gcc    -o CMakeFiles/cmTC_6db53.dir/CheckSymbolExists.c.o   -c /home/erwin/catkin_ws/src/dual_planar_arm/build/CMakeFiles/CMakeTmp/CheckSymbolExists.c
Linking C executable cmTC_6db53
/usr/bin/cmake -E cmake_link_script CMakeFiles/cmTC_6db53.dir/link.txt --verbose=1
/usr/bin/c99-gcc      -rdynamic CMakeFiles/cmTC_6db53.dir/CheckSymbolExists.c.o  -o cmTC_6db53 
CMakeFiles/cmTC_6db53.dir/CheckSymbolExists.c.o: In function `main':
CheckSymbolExists.c:(.text+0x1b): undefined reference to `pthread_create'
collect2: error: ld returned 1 exit status
CMakeFiles/cmTC_6db53.dir/build.make:97: recipe for target 'cmTC_6db53' failed
make[1]: *** [cmTC_6db53] Error 1
make[1]: Leaving directory '/home/erwin/catkin_ws/src/dual_planar_arm/build/CMakeFiles/CMakeTmp'
Makefile:126: recipe for target 'cmTC_6db53/fast' failed
make: *** [cmTC_6db53/fast] Error 2

File /home/erwin/catkin_ws/src/dual_planar_arm/build/CMakeFiles/CMakeTmp/CheckSymbolExists.c:
/* */
#include <pthread.h>

int main(int argc, char** argv)
{
  (void)argv;
#ifndef pthread_create
  return ((int*)(&pthread_create))[argc];
#else
  (void)argc;
  return 0;
#endif
}

Determining if the function pthread_create exists in the pthreads failed with the following output:
Change Dir: /home/erwin/catkin_ws/src/dual_planar_arm/build/CMakeFiles/CMakeTmp

Run Build Command:"/usr/bin/make" "cmTC_6e2cd/fast"
/usr/bin/make -f CMakeFiles/cmTC_6e2cd.dir/build.make CMakeFiles/cmTC_6e2cd.dir/build
make[1]: Entering directory '/home/erwin/catkin_ws/src/dual_planar_arm/build/CMakeFiles/CMakeTmp'
Building C object CMakeFiles/cmTC_6e2cd.dir/CheckFunctionExists.c.o
/usr/bin/c99-gcc   -DCHECK_FUNCTION_EXISTS=pthread_create   -o CMakeFiles/cmTC_6e2cd.dir/CheckFunctionExists.c.o   -c /usr/share/cmake-3.10/Modules/CheckFunctionExists.c
Linking C executable cmTC_6e2cd
/usr/bin/cmake -E cmake_link_script CMakeFiles/cmTC_6e2cd.dir/link.txt --verbose=1
/usr/bin/c99-gcc  -DCHECK_FUNCTION_EXISTS=pthread_create    -rdynamic CMakeFiles/cmTC_6e2cd.dir/CheckFunctionExists.c.o  -o cmTC_6e2cd -lpthreads 
/usr/bin/ld: cannot find -lpthreads
collect2: error: ld returned 1 exit status
CMakeFiles/cmTC_6e2cd.dir/build.make:97: recipe for target 'cmTC_6e2cd' failed
make[1]: *** [cmTC_6e2cd] Error 1
make[1]: Leaving directory '/home/erwin/catkin_ws/src/dual_planar_arm/build/CMakeFiles/CMakeTmp'
Makefile:126: recipe for target 'cmTC_6e2cd/fast' failed
make: *** [cmTC_6e2cd/fast] Error 2


